<?xml version="1.0" encoding="UTF-8"?>
<!-- Generated by org.testng.reporters.JUnitReportReporter -->
<testsuite hostname="DESKTOP-KQ451IS" failures="1" tests="13" name="com.group2.dao.NhanVienTest" time="5.011" errors="0" timestamp="2022-08-15T20:42:56 ICT" skipped="0">
  <testcase classname="com.group2.dao.NhanVienTest" name="testDelete1" time="0.078"/>
  <system-out/>
  <testcase classname="com.group2.dao.NhanVienTest" name="testInsert" time="0.003"/>
  <system-out/>
  <testcase classname="com.group2.dao.NhanVienTest" name="testTimNhanVienTheoHoTen1" time="0.041"/>
  <system-out/>
  <testcase classname="com.group2.dao.NhanVienTest" name="testUpdate3" time="0.266"/>
  <system-out/>
  <testcase classname="com.group2.dao.NhanVienTest" name="testUpdate2" time="0.083"/>
  <system-out/>
  <testcase classname="com.group2.dao.NhanVienTest" name="testSelectById" time="0.820"/>
  <system-out/>
  <testcase classname="com.group2.dao.NhanVienTest" name="testInsert2" time="0.044"/>
  <system-out/>
  <testcase classname="com.group2.dao.NhanVienTest" name="testUpdate" time="0.001"/>
  <system-out/>
  <testcase classname="com.group2.dao.NhanVienTest" name="testDelete2" time="1.133"/>
  <system-out/>
  <testcase classname="com.group2.dao.NhanVienTest" name="testDelete" time="2.238"/>
  <system-out/>
  <testcase classname="com.group2.dao.NhanVienTest" name="testTimNhanVienTheoHoTen" time="0.046">
    <failure message="expected [0] but found [6]" type="java.lang.AssertionError">
      <![CDATA[java.lang.AssertionError: expected [0] but found [6]
at org.testng.Assert.fail(Assert.java:99)
at org.testng.Assert.failNotEquals(Assert.java:1037)
at org.testng.Assert.assertEqualsImpl(Assert.java:140)
at org.testng.Assert.assertEquals(Assert.java:122)
at org.testng.Assert.assertEquals(Assert.java:907)
at org.testng.Assert.assertEquals(Assert.java:917)
at com.group2.dao.NhanVienTest.testTimNhanVienTheoHoTen(NhanVienTest.java:194)
at java.base/jdk.internal.reflect.NativeMethodAccessorImpl.invoke0(Native Method)
at java.base/jdk.internal.reflect.NativeMethodAccessorImpl.invoke(NativeMethodAccessorImpl.java:78)
at java.base/jdk.internal.reflect.DelegatingMethodAccessorImpl.invoke(DelegatingMethodAccessorImpl.java:43)
at java.base/java.lang.reflect.Method.invoke(Method.java:567)
at org.testng.internal.MethodInvocationHelper.invokeMethod(MethodInvocationHelper.java:133)
at org.testng.internal.TestInvoker.invokeMethod(TestInvoker.java:598)
at org.testng.internal.TestInvoker.invokeTestMethod(TestInvoker.java:173)
at org.testng.internal.MethodRunner.runInSequence(MethodRunner.java:46)
at org.testng.internal.TestInvoker$MethodInvocationAgent.invoke(TestInvoker.java:824)
at org.testng.internal.TestInvoker.invokeTestMethods(TestInvoker.java:146)
at org.testng.internal.TestMethodWorker.invokeTestMethods(TestMethodWorker.java:146)
at org.testng.internal.TestMethodWorker.run(TestMethodWorker.java:128)
at java.base/java.util.ArrayList.forEach(ArrayList.java:1511)
at org.testng.TestRunner.privateRun(TestRunner.java:794)
at org.testng.TestRunner.run(TestRunner.java:596)
at org.testng.SuiteRunner.runTest(SuiteRunner.java:377)
at org.testng.SuiteRunner.runSequentially(SuiteRunner.java:371)
at org.testng.SuiteRunner.privateRun(SuiteRunner.java:332)
at org.testng.SuiteRunner.run(SuiteRunner.java:276)
at org.testng.SuiteRunnerWorker.runSuite(SuiteRunnerWorker.java:53)
at org.testng.SuiteRunnerWorker.run(SuiteRunnerWorker.java:96)
at org.testng.TestNG.runSuitesSequentially(TestNG.java:1212)
at org.testng.TestNG.runSuitesLocally(TestNG.java:1134)
at org.testng.TestNG.runSuites(TestNG.java:1063)
at org.testng.TestNG.run(TestNG.java:1031)
at org.testng.remote.AbstractRemoteTestNG.run(AbstractRemoteTestNG.java:115)
at org.testng.remote.RemoteTestNG.initAndRun(RemoteTestNG.java:251)
at org.testng.remote.RemoteTestNG.main(RemoteTestNG.java:77)
]]>
    </failure>
  </testcase> <!-- testTimNhanVienTheoHoTen -->
  <system-out/>
  <testcase classname="com.group2.dao.NhanVienTest" name="testInsert1" time="0.159"/>
  <system-out/>
  <testcase classname="com.group2.dao.NhanVienTest" name="testSelectById1" time="0.099"/>
  <system-out/>
</testsuite> <!-- com.group2.dao.NhanVienTest -->
